{"/home/nikaoh/workspace/github.com/oakinh/fulltime/goodparty.org/election-api/src/positions/positions.service.ts": {"path":"/home/nikaoh/workspace/github.com/oakinh/fulltime/goodparty.org/election-api/src/positions/positions.service.ts","statementMap":{"0":{"start":{"line":42,"column":4},"end":{"line":40,"column":69}},"1":{"start":{"line":51,"column":19},"end":{"line":51,"column":null}},"2":{"start":{"line":52,"column":4},"end":{"line":56,"column":null}},"3":{"start":{"line":65,"column":29},"end":{"line":65,"column":null}},"4":{"start":{"line":66,"column":4},"end":{"line":70,"column":null}},"5":{"start":{"line":78,"column":4},"end":{"line":82,"column":null}},"6":{"start":{"line":79,"column":6},"end":{"line":80,"column":null}},"7":{"start":{"line":83,"column":4},"end":{"line":87,"column":null}},"8":{"start":{"line":84,"column":6},"end":{"line":85,"column":null}},"9":{"start":{"line":99,"column":8},"end":{"line":99,"column":null}},"10":{"start":{"line":100,"column":4},"end":{"line":100,"column":null}},"11":{"start":{"line":102,"column":4},"end":{"line":118,"column":null}},"12":{"start":{"line":104,"column":8},"end":{"line":113,"column":null}},"13":{"start":{"line":114,"column":6},"end":{"line":116,"column":null}},"14":{"start":{"line":115,"column":8},"end":{"line":115,"column":null}},"15":{"start":{"line":117,"column":6},"end":{"line":117,"column":null}},"16":{"start":{"line":120,"column":4},"end":{"line":131,"column":null}},"17":{"start":{"line":123,"column":8},"end":{"line":126,"column":null}},"18":{"start":{"line":127,"column":6},"end":{"line":129,"column":null}},"19":{"start":{"line":128,"column":8},"end":{"line":128,"column":null}},"20":{"start":{"line":130,"column":6},"end":{"line":130,"column":null}},"21":{"start":{"line":134,"column":6},"end":{"line":143,"column":null}},"22":{"start":{"line":144,"column":4},"end":{"line":146,"column":null}},"23":{"start":{"line":145,"column":6},"end":{"line":145,"column":null}},"24":{"start":{"line":147,"column":4},"end":{"line":151,"column":null}},"25":{"start":{"line":148,"column":6},"end":{"line":149,"column":null}},"26":{"start":{"line":152,"column":4},"end":{"line":152,"column":null}},"27":{"start":{"line":159,"column":70},"end":{"line":159,"column":null}},"28":{"start":{"line":160,"column":4},"end":{"line":162,"column":null}},"29":{"start":{"line":161,"column":6},"end":{"line":161,"column":null}},"30":{"start":{"line":169,"column":8},"end":{"line":169,"column":null}},"31":{"start":{"line":170,"column":29},"end":{"line":175,"column":null}},"32":{"start":{"line":177,"column":4},"end":{"line":186,"column":null}},"33":{"start":{"line":178,"column":6},"end":{"line":185,"column":null}},"34":{"start":{"line":188,"column":25},"end":{"line":190,"column":null}},"35":{"start":{"line":192,"column":25},"end":{"line":192,"column":null}},"36":{"start":{"line":193,"column":28},"end":{"line":196,"column":null}},"37":{"start":{"line":195,"column":8},"end":{"line":196,"column":null}},"38":{"start":{"line":198,"column":31},"end":{"line":198,"column":null}},"39":{"start":{"line":200,"column":4},"end":{"line":204,"column":null}},"40":{"start":{"line":201,"column":6},"end":{"line":202,"column":null}},"41":{"start":{"line":205,"column":4},"end":{"line":215,"column":null}}},"fnMap":{"0":{"name":"(anonymous_0)","decl":{"start":{"line":39,"column":2},"end":{"line":39,"column":null}},"loc":{"start":{"line":41,"column":4},"end":{"line":43,"column":null}},"line":41},"1":{"name":"(anonymous_1)","decl":{"start":{"line":45,"column":8},"end":{"line":45,"column":24}},"loc":{"start":{"line":50,"column":44},"end":{"line":57,"column":null}},"line":50},"2":{"name":"(anonymous_2)","decl":{"start":{"line":59,"column":8},"end":{"line":59,"column":35}},"loc":{"start":{"line":64,"column":44},"end":{"line":71,"column":null}},"line":64},"3":{"name":"(anonymous_3)","decl":{"start":{"line":73,"column":10},"end":{"line":73,"column":26}},"loc":{"start":{"line":77,"column":34},"end":{"line":88,"column":null}},"line":77},"4":{"name":"(anonymous_4)","decl":{"start":{"line":90,"column":16},"end":{"line":90,"column":null}},"loc":{"start":{"line":92,"column":43},"end":{"line":153,"column":null}},"line":92},"5":{"name":"(anonymous_5)","decl":{"start":{"line":155,"column":10},"end":{"line":155,"column":null}},"loc":{"start":{"line":158,"column":34},"end":{"line":216,"column":null}},"line":158},"6":{"name":"(anonymous_6)","decl":{"start":{"line":194,"column":6},"end":{"line":194,"column":7}},"loc":{"start":{"line":195,"column":8},"end":{"line":196,"column":null}},"line":195}},"branchMap":{"0":{"loc":{"start":{"line":78,"column":4},"end":{"line":82,"column":null}},"type":"if","locations":[{"start":{"line":78,"column":4},"end":{"line":82,"column":null}},{"start":{},"end":{}}],"line":78},"1":{"loc":{"start":{"line":78,"column":8},"end":{"line":78,"column":41}},"type":"binary-expr","locations":[{"start":{"line":78,"column":8},"end":{"line":78,"column":26}},{"start":{"line":78,"column":26},"end":{"line":78,"column":41}}],"line":78},"2":{"loc":{"start":{"line":83,"column":4},"end":{"line":87,"column":null}},"type":"if","locations":[{"start":{"line":83,"column":4},"end":{"line":87,"column":null}},{"start":{},"end":{}}],"line":83},"3":{"loc":{"start":{"line":83,"column":8},"end":{"line":83,"column":44}},"type":"binary-expr","locations":[{"start":{"line":83,"column":8},"end":{"line":83,"column":26}},{"start":{"line":83,"column":26},"end":{"line":83,"column":44}}],"line":83},"4":{"loc":{"start":{"line":102,"column":4},"end":{"line":118,"column":null}},"type":"if","locations":[{"start":{"line":102,"column":4},"end":{"line":118,"column":null}},{"start":{},"end":{}}],"line":102},"5":{"loc":{"start":{"line":114,"column":6},"end":{"line":116,"column":null}},"type":"if","locations":[{"start":{"line":114,"column":6},"end":{"line":116,"column":null}},{"start":{},"end":{}}],"line":114},"6":{"loc":{"start":{"line":120,"column":4},"end":{"line":131,"column":null}},"type":"if","locations":[{"start":{"line":120,"column":4},"end":{"line":131,"column":null}},{"start":{},"end":{}}],"line":120},"7":{"loc":{"start":{"line":127,"column":6},"end":{"line":129,"column":null}},"type":"if","locations":[{"start":{"line":127,"column":6},"end":{"line":129,"column":null}},{"start":{},"end":{}}],"line":127},"8":{"loc":{"start":{"line":144,"column":4},"end":{"line":146,"column":null}},"type":"if","locations":[{"start":{"line":144,"column":4},"end":{"line":146,"column":null}},{"start":{},"end":{}}],"line":144},"9":{"loc":{"start":{"line":147,"column":4},"end":{"line":151,"column":null}},"type":"if","locations":[{"start":{"line":147,"column":4},"end":{"line":151,"column":null}},{"start":{},"end":{}}],"line":147},"10":{"loc":{"start":{"line":160,"column":4},"end":{"line":162,"column":null}},"type":"if","locations":[{"start":{"line":160,"column":4},"end":{"line":162,"column":null}},{"start":{},"end":{}}],"line":160},"11":{"loc":{"start":{"line":177,"column":4},"end":{"line":186,"column":null}},"type":"if","locations":[{"start":{"line":177,"column":4},"end":{"line":186,"column":null}},{"start":{},"end":{}}],"line":177},"12":{"loc":{"start":{"line":177,"column":8},"end":{"line":177,"column":45}},"type":"binary-expr","locations":[{"start":{"line":177,"column":8},"end":{"line":177,"column":25}},{"start":{"line":177,"column":25},"end":{"line":177,"column":45}}],"line":177},"13":{"loc":{"start":{"line":195,"column":8},"end":{"line":196,"column":null}},"type":"binary-expr","locations":[{"start":{"line":195,"column":8},"end":{"line":195,"column":null}},{"start":{"line":196,"column":8},"end":{"line":196,"column":null}}],"line":195},"14":{"loc":{"start":{"line":200,"column":4},"end":{"line":204,"column":null}},"type":"if","locations":[{"start":{"line":200,"column":4},"end":{"line":204,"column":null}},{"start":{},"end":{}}],"line":200},"15":{"loc":{"start":{"line":213,"column":26},"end":{"line":213,"column":null}},"type":"binary-expr","locations":[{"start":{"line":213,"column":26},"end":{"line":213,"column":46}},{"start":{"line":213,"column":46},"end":{"line":213,"column":null}}],"line":213}},"s":{"0":12,"1":9,"2":9,"3":2,"4":2,"5":11,"6":1,"7":10,"8":1,"9":12,"10":12,"11":12,"12":2,"13":2,"14":1,"15":1,"16":8,"17":3,"18":3,"19":1,"20":2,"21":5,"22":5,"23":1,"24":4,"25":1,"26":3,"27":6,"28":6,"29":2,"30":4,"31":4,"32":4,"33":1,"34":3,"35":3,"36":3,"37":5,"38":3,"39":3,"40":1,"41":2},"f":{"0":12,"1":9,"2":2,"3":11,"4":12,"5":6,"6":5},"b":{"0":[1,10],"1":[11,6],"2":[1,9],"3":[10,5],"4":[2,10],"5":[1,1],"6":[3,5],"7":[1,2],"8":[1,4],"9":[1,3],"10":[2,4],"11":[1,3],"12":[4,3],"13":[5,3],"14":[1,2],"15":[2,1]},"meta":{"lastBranch":16,"lastFunction":7,"lastStatement":42,"seen":{"f:39:2:39:Infinity":0,"s:42:4:40:69":0,"f:45:8:45:24":1,"s:51:19:51:Infinity":1,"s:52:4:56:Infinity":2,"f:59:8:59:35":2,"s:65:29:65:Infinity":3,"s:66:4:70:Infinity":4,"f:73:10:73:26":3,"b:78:4:82:Infinity:undefined:undefined:undefined:undefined":0,"s:78:4:82:Infinity":5,"b:78:8:78:26:78:26:78:41":1,"s:79:6:80:Infinity":6,"b:83:4:87:Infinity:undefined:undefined:undefined:undefined":2,"s:83:4:87:Infinity":7,"b:83:8:83:26:83:26:83:44":3,"s:84:6:85:Infinity":8,"f:90:16:90:Infinity":4,"s:99:8:99:Infinity":9,"s:100:4:100:Infinity":10,"b:102:4:118:Infinity:undefined:undefined:undefined:undefined":4,"s:102:4:118:Infinity":11,"s:104:8:113:Infinity":12,"b:114:6:116:Infinity:undefined:undefined:undefined:undefined":5,"s:114:6:116:Infinity":13,"s:115:8:115:Infinity":14,"s:117:6:117:Infinity":15,"b:120:4:131:Infinity:undefined:undefined:undefined:undefined":6,"s:120:4:131:Infinity":16,"s:123:8:126:Infinity":17,"b:127:6:129:Infinity:undefined:undefined:undefined:undefined":7,"s:127:6:129:Infinity":18,"s:128:8:128:Infinity":19,"s:130:6:130:Infinity":20,"s:134:6:143:Infinity":21,"b:144:4:146:Infinity:undefined:undefined:undefined:undefined":8,"s:144:4:146:Infinity":22,"s:145:6:145:Infinity":23,"b:147:4:151:Infinity:undefined:undefined:undefined:undefined":9,"s:147:4:151:Infinity":24,"s:148:6:149:Infinity":25,"s:152:4:152:Infinity":26,"f:155:10:155:Infinity":5,"s:159:70:159:Infinity":27,"b:160:4:162:Infinity:undefined:undefined:undefined:undefined":10,"s:160:4:162:Infinity":28,"s:161:6:161:Infinity":29,"s:169:8:169:Infinity":30,"s:170:29:175:Infinity":31,"b:177:4:186:Infinity:undefined:undefined:undefined:undefined":11,"s:177:4:186:Infinity":32,"b:177:8:177:25:177:25:177:45":12,"s:178:6:185:Infinity":33,"s:188:25:190:Infinity":34,"s:192:25:192:Infinity":35,"s:193:28:196:Infinity":36,"f:194:6:194:7":6,"s:195:8:196:Infinity":37,"b:195:8:195:Infinity:196:8:196:Infinity":13,"s:198:31:198:Infinity":38,"b:200:4:204:Infinity:undefined:undefined:undefined:undefined":14,"s:200:4:204:Infinity":39,"s:201:6:202:Infinity":40,"s:205:4:215:Infinity":41,"b:213:26:213:46:213:46:213:Infinity":15}}}
,"/home/nikaoh/workspace/github.com/oakinh/fulltime/goodparty.org/election-api/src/prisma/prisma.service.ts": {"path":"/home/nikaoh/workspace/github.com/oakinh/fulltime/goodparty.org/election-api/src/prisma/prisma.service.ts","statementMap":{"0":{"start":{"line":5,"column":26},"end":{"line":10,"column":null}},"1":{"start":{"line":18,"column":4},"end":{"line":17,"column":49}},"2":{"start":{"line":19,"column":45},"end":{"line":22,"column":null}},"3":{"start":{"line":25,"column":4},"end":{"line":25,"column":null}},"4":{"start":{"line":29,"column":4},"end":{"line":29,"column":null}},"5":{"start":{"line":31,"column":4},"end":{"line":40,"column":null}},"6":{"start":{"line":32,"column":6},"end":{"line":38,"column":null}},"7":{"start":{"line":44,"column":4},"end":{"line":44,"column":null}}},"fnMap":{"0":{"name":"(anonymous_0)","decl":{"start":{"line":17,"column":2},"end":{"line":17,"column":14}},"loc":{"start":{"line":17,"column":51},"end":{"line":26,"column":null}},"line":17},"1":{"name":"(anonymous_1)","decl":{"start":{"line":19,"column":33},"end":{"line":19,"column":34}},"loc":{"start":{"line":19,"column":45},"end":{"line":22,"column":null}},"line":19},"2":{"name":"(anonymous_2)","decl":{"start":{"line":28,"column":8},"end":{"line":28,"column":23}},"loc":{"start":{"line":28,"column":23},"end":{"line":41,"column":null}},"line":28},"3":{"name":"(anonymous_3)","decl":{"start":{"line":31,"column":22},"end":{"line":31,"column":23}},"loc":{"start":{"line":31,"column":23},"end":{"line":40,"column":null}},"line":31},"4":{"name":"(anonymous_4)","decl":{"start":{"line":43,"column":8},"end":{"line":43,"column":26}},"loc":{"start":{"line":43,"column":26},"end":{"line":45,"column":null}},"line":43}},"branchMap":{"0":{"loc":{"start":{"line":9,"column":6},"end":{"line":9,"column":null}},"type":"cond-expr","locations":[{"start":{"line":9,"column":42},"end":{"line":9,"column":73}},{"start":{"line":9,"column":73},"end":{"line":9,"column":null}}],"line":9}},"s":{"0":1,"1":0,"2":0,"3":0,"4":0,"5":0,"6":0,"7":0},"f":{"0":0,"1":0,"2":0,"3":0,"4":0},"b":{"0":[1,0]},"meta":{"lastBranch":1,"lastFunction":5,"lastStatement":8,"seen":{"s:5:26:10:Infinity":0,"b:9:42:9:73:9:73:9:Infinity":0,"f:17:2:17:14":0,"s:18:4:17:49":1,"f:19:33:19:34":1,"s:19:45:22:Infinity":2,"s:25:4:25:Infinity":3,"f:28:8:28:23":2,"s:29:4:29:Infinity":4,"s:31:4:40:Infinity":5,"f:31:22:31:23":3,"s:32:6:38:Infinity":6,"f:43:8:43:26":4,"s:44:4:44:Infinity":7}}}
,"/home/nikaoh/workspace/github.com/oakinh/fulltime/goodparty.org/election-api/src/prisma/util/prisma.util.ts": {"path":"/home/nikaoh/workspace/github.com/oakinh/fulltime/goodparty.org/election-api/src/prisma/util/prisma.util.ts","statementMap":{"0":{"start":{"line":6,"column":22},"end":{"line":6,"column":38}},"1":{"start":{"line":15,"column":34},"end":{"line":22,"column":null}},"2":{"start":{"line":26,"column":8},"end":{"line":26,"column":null}},"3":{"start":{"line":28,"column":2},"end":{"line":50,"column":null}},"4":{"start":{"line":34,"column":22},"end":{"line":34,"column":null}},"5":{"start":{"line":37,"column":6},"end":{"line":37,"column":null}},"6":{"start":{"line":41,"column":6},"end":{"line":41,"column":null}},"7":{"start":{"line":46,"column":6},"end":{"line":48,"column":null}},"8":{"start":{"line":47,"column":8},"end":{"line":47,"column":null}},"9":{"start":{"line":60,"column":2},"end":{"line":60,"column":null}},"10":{"start":{"line":64,"column":2},"end":{"line":70,"column":null}},"11":{"start":{"line":66,"column":18},"end":{"line":66,"column":null}},"12":{"start":{"line":68,"column":6},"end":{"line":68,"column":null}},"13":{"start":{"line":69,"column":6},"end":{"line":69,"column":null}}},"fnMap":{"0":{"name":"createPrismaBase","decl":{"start":{"line":24,"column":16},"end":{"line":24,"column":61}},"loc":{"start":{"line":24,"column":73},"end":{"line":61,"column":null}},"line":24},"1":{"name":"(anonymous_1)","decl":{"start":{"line":36,"column":8},"end":{"line":36,"column":47}},"loc":{"start":{"line":36,"column":47},"end":{"line":38,"column":null}},"line":36},"2":{"name":"(anonymous_2)","decl":{"start":{"line":40,"column":8},"end":{"line":40,"column":31}},"loc":{"start":{"line":40,"column":31},"end":{"line":42,"column":null}},"line":40},"3":{"name":"(anonymous_3)","decl":{"start":{"line":44,"column":4},"end":{"line":44,"column":19}},"loc":{"start":{"line":44,"column":19},"end":{"line":49,"column":null}},"line":44},"4":{"name":"buildColumnSelect","decl":{"start":{"line":63,"column":16},"end":{"line":63,"column":34}},"loc":{"start":{"line":63,"column":49},"end":{"line":71,"column":null}},"line":63},"5":{"name":"(anonymous_5)","decl":{"start":{"line":66,"column":9},"end":{"line":66,"column":10}},"loc":{"start":{"line":66,"column":18},"end":{"line":66,"column":null}},"line":66},"6":{"name":"(anonymous_6)","decl":{"start":{"line":67,"column":12},"end":{"line":67,"column":13}},"loc":{"start":{"line":67,"column":18},"end":{"line":70,"column":7}},"line":67}},"branchMap":{},"s":{"0":1,"1":1,"2":2,"3":2,"4":12,"5":10,"6":0,"7":0,"8":0,"9":2,"10":0,"11":0,"12":0,"13":0},"f":{"0":2,"1":10,"2":0,"3":0,"4":0,"5":0,"6":0},"b":{},"meta":{"lastBranch":0,"lastFunction":7,"lastStatement":14,"seen":{"s:6:22:6:38":0,"s:15:34:22:Infinity":1,"f:24:16:24:61":0,"s:26:8:26:Infinity":2,"s:28:2:50:Infinity":3,"s:34:22:34:Infinity":4,"f:36:8:36:47":1,"s:37:6:37:Infinity":5,"f:40:8:40:31":2,"s:41:6:41:Infinity":6,"f:44:4:44:19":3,"s:46:6:48:Infinity":7,"s:47:8:47:Infinity":8,"s:60:2:60:Infinity":9,"f:63:16:63:34":4,"s:64:2:70:Infinity":10,"f:66:9:66:10":5,"s:66:18:66:Infinity":11,"f:67:12:67:13":6,"s:68:6:68:Infinity":12,"s:69:6:69:Infinity":13}}}
,"/home/nikaoh/workspace/github.com/oakinh/fulltime/goodparty.org/election-api/src/projectedTurnout/projectedTurnout.service.ts": {"path":"/home/nikaoh/workspace/github.com/oakinh/fulltime/goodparty.org/election-api/src/projectedTurnout/projectedTurnout.service.ts","statementMap":{"0":{"start":{"line":13,"column":52},"end":{"line":18,"column":null}},"1":{"start":{"line":19,"column":52},"end":{"line":19,"column":null}},"2":{"start":{"line":26,"column":4},"end":{"line":27,"column":null}},"3":{"start":{"line":31,"column":4},"end":{"line":32,"column":null}},"4":{"start":{"line":22,"column":4},"end":{"line":22,"column":null}},"5":{"start":{"line":22,"column":37},"end":{"line":22,"column":null}},"6":{"start":{"line":36,"column":4},"end":{"line":36,"column":null}},"7":{"start":{"line":46,"column":8},"end":{"line":46,"column":null}},"8":{"start":{"line":48,"column":6},"end":{"line":48,"column":null}},"9":{"start":{"line":49,"column":4},"end":{"line":59,"column":null}},"10":{"start":{"line":69,"column":8},"end":{"line":69,"column":null}},"11":{"start":{"line":72,"column":6},"end":{"line":72,"column":null}},"12":{"start":{"line":74,"column":4},"end":{"line":92,"column":null}},"13":{"start":{"line":96,"column":16},"end":{"line":96,"column":null}},"14":{"start":{"line":97,"column":4},"end":{"line":97,"column":null}},"15":{"start":{"line":102,"column":17},"end":{"line":102,"column":null}},"16":{"start":{"line":103,"column":17},"end":{"line":103,"column":null}},"17":{"start":{"line":105,"column":4},"end":{"line":107,"column":null}},"18":{"start":{"line":106,"column":6},"end":{"line":106,"column":null}},"19":{"start":{"line":109,"column":4},"end":{"line":111,"column":null}},"20":{"start":{"line":110,"column":6},"end":{"line":110,"column":null}},"21":{"start":{"line":113,"column":4},"end":{"line":118,"column":null}},"22":{"start":{"line":117,"column":6},"end":{"line":117,"column":null}},"23":{"start":{"line":120,"column":25},"end":{"line":120,"column":null}},"24":{"start":{"line":121,"column":4},"end":{"line":127,"column":null}},"25":{"start":{"line":126,"column":6},"end":{"line":126,"column":null}},"26":{"start":{"line":129,"column":4},"end":{"line":129,"column":null}}},"fnMap":{"0":{"name":"(anonymous_0)","decl":{"start":{"line":21,"column":17},"end":{"line":21,"column":53}},"loc":{"start":{"line":21,"column":77},"end":{"line":23,"column":null}},"line":21},"1":{"name":"(anonymous_1)","decl":{"start":{"line":22,"column":11},"end":{"line":22,"column":12}},"loc":{"start":{"line":22,"column":37},"end":{"line":22,"column":null}},"line":22},"2":{"name":"(anonymous_2)","decl":{"start":{"line":35,"column":2},"end":{"line":35,"column":16}},"loc":{"start":{"line":35,"column":16},"end":{"line":37,"column":null}},"line":35},"3":{"name":"(anonymous_3)","decl":{"start":{"line":39,"column":8},"end":{"line":39,"column":28}},"loc":{"start":{"line":39,"column":60},"end":{"line":60,"column":null}},"line":39},"4":{"name":"(anonymous_4)","decl":{"start":{"line":61,"column":8},"end":{"line":61,"column":33}},"loc":{"start":{"line":61,"column":68},"end":{"line":93,"column":null}},"line":61},"5":{"name":"(anonymous_5)","decl":{"start":{"line":95,"column":10},"end":{"line":95,"column":41}},"loc":{"start":{"line":95,"column":62},"end":{"line":98,"column":null}},"line":95},"6":{"name":"(anonymous_6)","decl":{"start":{"line":100,"column":2},"end":{"line":100,"column":24}},"loc":{"start":{"line":100,"column":75},"end":{"line":130,"column":null}},"line":100}},"branchMap":{"0":{"loc":{"start":{"line":48,"column":6},"end":{"line":48,"column":null}},"type":"binary-expr","locations":[{"start":{"line":48,"column":6},"end":{"line":48,"column":22}},{"start":{"line":48,"column":26},"end":{"line":48,"column":null}}],"line":48},"1":{"loc":{"start":{"line":72,"column":6},"end":{"line":72,"column":null}},"type":"cond-expr","locations":[{"start":{"line":72,"column":50},"end":{"line":72,"column":57}},{"start":{"line":72,"column":57},"end":{"line":72,"column":null}}],"line":72},"2":{"loc":{"start":{"line":72,"column":6},"end":{"line":72,"column":50}},"type":"binary-expr","locations":[{"start":{"line":72,"column":6},"end":{"line":72,"column":15}},{"start":{"line":72,"column":15},"end":{"line":72,"column":33}},{"start":{"line":72,"column":33},"end":{"line":72,"column":50}}],"line":72},"3":{"loc":{"start":{"line":74,"column":11},"end":{"line":92,"column":null}},"type":"cond-expr","locations":[{"start":{"line":75,"column":8},"end":{"line":86,"column":null}},{"start":{"line":87,"column":8},"end":{"line":92,"column":null}}],"line":74},"4":{"loc":{"start":{"line":97,"column":11},"end":{"line":97,"column":null}},"type":"binary-expr","locations":[{"start":{"line":97,"column":11},"end":{"line":97,"column":37}},{"start":{"line":97,"column":37},"end":{"line":97,"column":60}},{"start":{"line":97,"column":60},"end":{"line":97,"column":71}},{"start":{"line":97,"column":71},"end":{"line":97,"column":null}}],"line":97},"5":{"loc":{"start":{"line":105,"column":4},"end":{"line":107,"column":null}},"type":"if","locations":[{"start":{"line":105,"column":4},"end":{"line":107,"column":null}},{"start":{},"end":{}}],"line":105},"6":{"loc":{"start":{"line":109,"column":4},"end":{"line":111,"column":null}},"type":"if","locations":[{"start":{"line":109,"column":4},"end":{"line":111,"column":null}},{"start":{},"end":{}}],"line":109},"7":{"loc":{"start":{"line":113,"column":4},"end":{"line":118,"column":null}},"type":"if","locations":[{"start":{"line":113,"column":4},"end":{"line":118,"column":null}},{"start":{},"end":{}}],"line":113},"8":{"loc":{"start":{"line":114,"column":6},"end":{"line":115,"column":null}},"type":"binary-expr","locations":[{"start":{"line":114,"column":6},"end":{"line":114,"column":null}},{"start":{"line":115,"column":6},"end":{"line":115,"column":null}}],"line":114},"9":{"loc":{"start":{"line":121,"column":4},"end":{"line":127,"column":null}},"type":"if","locations":[{"start":{"line":121,"column":4},"end":{"line":127,"column":null}},{"start":{},"end":{}}],"line":121},"10":{"loc":{"start":{"line":122,"column":6},"end":{"line":124,"column":null}},"type":"binary-expr","locations":[{"start":{"line":122,"column":6},"end":{"line":122,"column":null}},{"start":{"line":123,"column":6},"end":{"line":123,"column":null}},{"start":{"line":124,"column":6},"end":{"line":124,"column":null}}],"line":122}},"s":{"0":1,"1":1,"2":1,"3":1,"4":2,"5":0,"6":0,"7":0,"8":0,"9":0,"10":0,"11":0,"12":0,"13":0,"14":0,"15":0,"16":0,"17":0,"18":0,"19":0,"20":0,"21":0,"22":0,"23":0,"24":0,"25":0,"26":0},"f":{"0":1,"1":0,"2":0,"3":0,"4":0,"5":0,"6":0},"b":{"0":[0,0],"1":[0,0],"2":[0,0,0],"3":[0,0],"4":[0,0,0,0],"5":[0,0],"6":[0,0],"7":[0,0],"8":[0,0],"9":[0,0],"10":[0,0,0]},"meta":{"lastBranch":11,"lastFunction":7,"lastStatement":27,"seen":{"s:13:52:18:Infinity":0,"s:19:52:19:Infinity":1,"s:26:4:27:Infinity":2,"s:31:4:32:Infinity":3,"f:21:17:21:53":0,"s:22:4:22:Infinity":4,"f:22:11:22:12":1,"s:22:37:22:Infinity":5,"f:35:2:35:16":2,"s:36:4:36:Infinity":6,"f:39:8:39:28":3,"s:46:8:46:Infinity":7,"s:48:6:48:Infinity":8,"b:48:6:48:22:48:26:48:Infinity":0,"s:49:4:59:Infinity":9,"f:61:8:61:33":4,"s:69:8:69:Infinity":10,"s:72:6:72:Infinity":11,"b:72:50:72:57:72:57:72:Infinity":1,"b:72:6:72:15:72:15:72:33:72:33:72:50":2,"s:74:4:92:Infinity":12,"b:75:8:86:Infinity:87:8:92:Infinity":3,"f:95:10:95:41":5,"s:96:16:96:Infinity":13,"s:97:4:97:Infinity":14,"b:97:11:97:37:97:37:97:60:97:60:97:71:97:71:97:Infinity":4,"f:100:2:100:24":6,"s:102:17:102:Infinity":15,"s:103:17:103:Infinity":16,"b:105:4:107:Infinity:undefined:undefined:undefined:undefined":5,"s:105:4:107:Infinity":17,"s:106:6:106:Infinity":18,"b:109:4:111:Infinity:undefined:undefined:undefined:undefined":6,"s:109:4:111:Infinity":19,"s:110:6:110:Infinity":20,"b:113:4:118:Infinity:undefined:undefined:undefined:undefined":7,"s:113:4:118:Infinity":21,"b:114:6:114:Infinity:115:6:115:Infinity":8,"s:117:6:117:Infinity":22,"s:120:25:120:Infinity":23,"b:121:4:127:Infinity:undefined:undefined:undefined:undefined":9,"s:121:4:127:Infinity":24,"b:122:6:122:Infinity:123:6:123:Infinity:124:6:124:Infinity":10,"s:126:6:126:Infinity":25,"s:129:4:129:Infinity":26}}}
}
