{"total": {"lines":{"total":90,"covered":55,"skipped":0,"pct":61.11},"statements":{"total":91,"covered":55,"skipped":0,"pct":60.43},"functions":{"total":26,"covered":10,"skipped":0,"pct":38.46},"branches":{"total":60,"covered":33,"skipped":0,"pct":55},"branchesTrue":{"total":0,"covered":0,"skipped":0,"pct":100}}
,"/home/nikaoh/workspace/github.com/oakinh/fulltime/goodparty.org/election-api/src/positions/positions.service.ts": {"lines":{"total":42,"covered":42,"skipped":0,"pct":100},"functions":{"total":7,"covered":7,"skipped":0,"pct":100},"statements":{"total":42,"covered":42,"skipped":0,"pct":100},"branches":{"total":32,"covered":32,"skipped":0,"pct":100}}
,"/home/nikaoh/workspace/github.com/oakinh/fulltime/goodparty.org/election-api/src/prisma/prisma.service.ts": {"lines":{"total":8,"covered":1,"skipped":0,"pct":12.5},"functions":{"total":5,"covered":0,"skipped":0,"pct":0},"statements":{"total":8,"covered":1,"skipped":0,"pct":12.5},"branches":{"total":2,"covered":1,"skipped":0,"pct":50}}
,"/home/nikaoh/workspace/github.com/oakinh/fulltime/goodparty.org/election-api/src/prisma/util/prisma.util.ts": {"lines":{"total":14,"covered":7,"skipped":0,"pct":50},"functions":{"total":7,"covered":2,"skipped":0,"pct":28.57},"statements":{"total":14,"covered":7,"skipped":0,"pct":50},"branches":{"total":0,"covered":0,"skipped":0,"pct":100}}
,"/home/nikaoh/workspace/github.com/oakinh/fulltime/goodparty.org/election-api/src/projectedTurnout/projectedTurnout.service.ts": {"lines":{"total":26,"covered":5,"skipped":0,"pct":19.23},"functions":{"total":7,"covered":1,"skipped":0,"pct":14.28},"statements":{"total":27,"covered":5,"skipped":0,"pct":18.51},"branches":{"total":26,"covered":0,"skipped":0,"pct":0}}
}
